<?xml version="1.0" encoding="UTF-8"?>
<coverage generated="1485159573">
  <project timestamp="1485159573">
    <package name="AdamWathan\BootForms">
      <file name="/Users/daguilarm/Sites/github/bootforms/src/AdamWathan/BootForms/BasicFormBuilder.php">
        <class name="BasicFormBuilder" namespace="AdamWathan\BootForms">
          <metrics methods="22" coveredmethods="22" conditionals="0" coveredconditionals="0" statements="57" coveredstatements="57" elements="79" coveredelements="79"/>
        </class>
        <line num="14" type="method" name="__construct" crap="1" count="69"/>
        <line num="16" type="stmt" count="69"/>
        <line num="17" type="stmt" count="69"/>
        <line num="19" type="method" name="formGroup" crap="2" count="40"/>
        <line num="21" type="stmt" count="40"/>
        <line num="22" type="stmt" count="40"/>
        <line num="24" type="stmt" count="40"/>
        <line num="26" type="stmt" count="40"/>
        <line num="27" type="stmt" count="7"/>
        <line num="28" type="stmt" count="7"/>
        <line num="31" type="stmt" count="40"/>
        <line num="34" type="method" name="wrap" crap="1" count="88"/>
        <line num="36" type="stmt" count="88"/>
        <line num="39" type="method" name="text" crap="1" count="26"/>
        <line num="41" type="stmt" count="26"/>
        <line num="43" type="stmt" count="26"/>
        <line num="46" type="method" name="password" crap="1" count="6"/>
        <line num="48" type="stmt" count="6"/>
        <line num="50" type="stmt" count="6"/>
        <line num="53" type="method" name="button" crap="1" count="2"/>
        <line num="55" type="stmt" count="2"/>
        <line num="58" type="method" name="submit" crap="1" count="3"/>
        <line num="60" type="stmt" count="3"/>
        <line num="63" type="method" name="select" crap="1" count="8"/>
        <line num="65" type="stmt" count="8"/>
        <line num="67" type="stmt" count="8"/>
        <line num="70" type="method" name="checkbox" crap="1" count="8"/>
        <line num="72" type="stmt" count="8"/>
        <line num="74" type="stmt" count="8"/>
        <line num="77" type="method" name="inlineCheckbox" crap="1" count="2"/>
        <line num="79" type="stmt" count="2"/>
        <line num="82" type="method" name="checkGroup" crap="1" count="8"/>
        <line num="84" type="stmt" count="8"/>
        <line num="85" type="stmt" count="8"/>
        <line num="88" type="method" name="buildCheckGroup" crap="2" count="15"/>
        <line num="90" type="stmt" count="15"/>
        <line num="92" type="stmt" count="15"/>
        <line num="94" type="stmt" count="15"/>
        <line num="95" type="stmt" count="2"/>
        <line num="96" type="stmt" count="2"/>
        <line num="98" type="stmt" count="15"/>
        <line num="101" type="method" name="radio" crap="2" count="7"/>
        <line num="103" type="stmt" count="7"/>
        <line num="104" type="stmt" count="4"/>
        <line num="107" type="stmt" count="7"/>
        <line num="109" type="stmt" count="7"/>
        <line num="112" type="method" name="inlineRadio" crap="1" count="2"/>
        <line num="114" type="stmt" count="2"/>
        <line num="117" type="method" name="radioGroup" crap="1" count="7"/>
        <line num="119" type="stmt" count="7"/>
        <line num="120" type="stmt" count="7"/>
        <line num="123" type="method" name="textarea" crap="1" count="10"/>
        <line num="125" type="stmt" count="10"/>
        <line num="127" type="stmt" count="10"/>
        <line num="130" type="method" name="date" crap="1" count="2"/>
        <line num="132" type="stmt" count="2"/>
        <line num="134" type="stmt" count="2"/>
        <line num="137" type="method" name="dateTimeLocal" crap="1" count="2"/>
        <line num="139" type="stmt" count="2"/>
        <line num="141" type="stmt" count="2"/>
        <line num="144" type="method" name="email" crap="1" count="1"/>
        <line num="146" type="stmt" count="1"/>
        <line num="148" type="stmt" count="1"/>
        <line num="151" type="method" name="file" crap="2" count="2"/>
        <line num="153" type="stmt" count="2"/>
        <line num="154" type="stmt" count="2"/>
        <line num="155" type="stmt" count="2"/>
        <line num="157" type="stmt" count="2"/>
        <line num="159" type="stmt" count="2"/>
        <line num="160" type="stmt" count="1"/>
        <line num="161" type="stmt" count="1"/>
        <line num="164" type="stmt" count="2"/>
        <line num="167" type="method" name="inputGroup" crap="3" count="8"/>
        <line num="169" type="stmt" count="8"/>
        <line num="170" type="stmt" count="8"/>
        <line num="171" type="stmt" count="3"/>
        <line num="174" type="stmt" count="8"/>
        <line num="177" type="method" name="__call" crap="1" count="16"/>
        <line num="179" type="stmt" count="16"/>
        <line num="182" type="stmt" count="1"/>
        <metrics loc="181" ncloc="181" classes="1" methods="22" coveredmethods="22" conditionals="0" coveredconditionals="0" statements="57" coveredstatements="57" elements="79" coveredelements="79"/>
      </file>
      <file name="/Users/daguilarm/Sites/github/bootforms/src/AdamWathan/BootForms/BootForm.php">
        <class name="BootForm" namespace="AdamWathan\BootForms">
          <metrics methods="4" coveredmethods="0" conditionals="0" coveredconditionals="0" statements="20" coveredstatements="0" elements="24" coveredelements="0"/>
        </class>
        <line num="9" type="method" name="__construct" crap="2" count="0"/>
        <line num="10" type="stmt" count="0"/>
        <line num="11" type="stmt" count="0"/>
        <line num="12" type="stmt" count="0"/>
        <line num="13" type="stmt" count="0"/>
        <line num="15" type="method" name="open" crap="2" count="0"/>
        <line num="16" type="stmt" count="0"/>
        <line num="17" type="stmt" count="0"/>
        <line num="18" type="stmt" count="0"/>
        <line num="19" type="stmt" count="0"/>
        <line num="21" type="method" name="openHorizontal" crap="2" count="0"/>
        <line num="22" type="stmt" count="0"/>
        <line num="23" type="stmt" count="0"/>
        <line num="24" type="stmt" count="0"/>
        <line num="25" type="stmt" count="0"/>
        <line num="26" type="stmt" count="0"/>
        <line num="28" type="method" name="__call" crap="2" count="0"/>
        <line num="29" type="stmt" count="0"/>
        <line num="30" type="stmt" count="0"/>
        <line num="31" type="stmt" count="0"/>
        <metrics loc="32" ncloc="32" classes="1" methods="4" coveredmethods="0" conditionals="0" coveredconditionals="0" statements="20" coveredstatements="0" elements="24" coveredelements="0"/>
      </file>
      <file name="/Users/daguilarm/Sites/github/bootforms/src/AdamWathan/BootForms/HorizontalFormBuilder.php">
        <class name="HorizontalFormBuilder" namespace="AdamWathan\BootForms">
          <metrics methods="13" coveredmethods="13" conditionals="0" coveredconditionals="0" statements="53" coveredstatements="53" elements="66" coveredelements="66"/>
        </class>
        <line num="15" type="method" name="__construct" crap="1" count="42"/>
        <line num="17" type="stmt" count="42"/>
        <line num="18" type="stmt" count="42"/>
        <line num="19" type="stmt" count="42"/>
        <line num="21" type="method" name="setColumnSizes" crap="1" count="5"/>
        <line num="23" type="stmt" count="5"/>
        <line num="24" type="stmt" count="5"/>
        <line num="27" type="method" name="open" crap="1" count="3"/>
        <line num="29" type="stmt" count="3"/>
        <line num="32" type="method" name="formGroup" crap="2" count="23"/>
        <line num="34" type="stmt" count="23"/>
        <line num="35" type="stmt" count="23"/>
        <line num="36" type="stmt" count="23"/>
        <line num="37" type="stmt" count="23"/>
        <line num="39" type="stmt" count="23"/>
        <line num="41" type="stmt" count="23"/>
        <line num="43" type="stmt" count="23"/>
        <line num="44" type="stmt" count="5"/>
        <line num="45" type="stmt" count="5"/>
        <line num="48" type="stmt" count="23"/>
        <line num="51" type="method" name="getControlSizes" crap="2" count="25"/>
        <line num="53" type="stmt" count="25"/>
        <line num="54" type="stmt" count="25"/>
        <line num="55" type="stmt" count="25"/>
        <line num="57" type="stmt" count="25"/>
        <line num="60" type="method" name="getLabelClass" crap="2" count="25"/>
        <line num="62" type="stmt" count="25"/>
        <line num="63" type="stmt" count="25"/>
        <line num="64" type="stmt" count="25"/>
        <line num="66" type="stmt" count="25"/>
        <line num="69" type="method" name="button" crap="1" count="4"/>
        <line num="71" type="stmt" count="4"/>
        <line num="72" type="stmt" count="4"/>
        <line num="75" type="method" name="submit" crap="1" count="1"/>
        <line num="77" type="stmt" count="1"/>
        <line num="78" type="stmt" count="1"/>
        <line num="81" type="method" name="checkbox" crap="1" count="5"/>
        <line num="83" type="stmt" count="5"/>
        <line num="84" type="stmt" count="5"/>
        <line num="86" type="stmt" count="5"/>
        <line num="89" type="method" name="checkGroup" crap="2" count="8"/>
        <line num="91" type="stmt" count="8"/>
        <line num="93" type="stmt" count="8"/>
        <line num="95" type="stmt" count="8"/>
        <line num="96" type="stmt" count="2"/>
        <line num="97" type="stmt" count="2"/>
        <line num="100" type="stmt" count="8"/>
        <line num="103" type="method" name="radio" crap="2" count="3"/>
        <line num="105" type="stmt" count="3"/>
        <line num="109" type="stmt" count="3"/>
        <line num="110" type="stmt" count="3"/>
        <line num="112" type="stmt" count="3"/>
        <line num="115" type="method" name="file" crap="2" count="2"/>
        <line num="117" type="stmt" count="2"/>
        <line num="118" type="stmt" count="2"/>
        <line num="119" type="stmt" count="2"/>
        <line num="120" type="stmt" count="2"/>
        <line num="121" type="stmt" count="2"/>
        <line num="123" type="stmt" count="2"/>
        <line num="125" type="stmt" count="2"/>
        <line num="127" type="stmt" count="2"/>
        <line num="128" type="stmt" count="1"/>
        <line num="129" type="stmt" count="1"/>
        <line num="132" type="stmt" count="2"/>
        <line num="135" type="method" name="__call" crap="1" count="1"/>
        <line num="137" type="stmt" count="1"/>
        <line num="140" type="stmt" count="1"/>
        <metrics loc="139" ncloc="139" classes="1" methods="13" coveredmethods="13" conditionals="0" coveredconditionals="0" statements="53" coveredstatements="53" elements="66" coveredelements="66"/>
      </file>
    </package>
    <package name="AdamWathan\BootForms\Elements">
      <file name="/Users/daguilarm/Sites/github/bootforms/src/AdamWathan/BootForms/Elements/CheckGroup.php">
        <class name="CheckGroup" namespace="AdamWathan\BootForms\Elements">
          <metrics methods="5" coveredmethods="4" conditionals="0" coveredconditionals="0" statements="16" coveredstatements="16" elements="21" coveredelements="20"/>
        </class>
        <line num="10" type="method" name="__construct" crap="1" count="23"/>
        <line num="12" type="stmt" count="23"/>
        <line num="13" type="stmt" count="23"/>
        <line num="15" type="method" name="render" crap="2" count="23"/>
        <line num="17" type="stmt" count="23"/>
        <line num="18" type="stmt" count="8"/>
        <line num="21" type="stmt" count="15"/>
        <line num="22" type="stmt" count="15"/>
        <line num="23" type="stmt" count="15"/>
        <line num="24" type="stmt" count="15"/>
        <line num="25" type="stmt" count="15"/>
        <line num="27" type="stmt" count="15"/>
        <line num="29" type="stmt" count="15"/>
        <line num="32" type="method" name="inline" crap="1" count="8"/>
        <line num="34" type="stmt" count="8"/>
        <line num="36" type="stmt" count="8"/>
        <line num="37" type="stmt" count="8"/>
        <line num="39" type="stmt" count="8"/>
        <line num="42" type="method" name="control" crap="1" count="23"/>
        <line num="44" type="stmt" count="23"/>
        <line num="47" type="method" name="__call" crap="1" count="0"/>
        <line num="53" type="stmt" count="1"/>
        <metrics loc="52" ncloc="52" classes="1" methods="4" coveredmethods="4" conditionals="0" coveredconditionals="0" statements="16" coveredstatements="16" elements="20" coveredelements="20"/>
      </file>
      <file name="/Users/daguilarm/Sites/github/bootforms/src/AdamWathan/BootForms/Elements/FormGroup.php">
        <class name="FormGroup" namespace="AdamWathan\BootForms\Elements">
          <metrics methods="7" coveredmethods="7" conditionals="0" coveredconditionals="0" statements="23" coveredstatements="23" elements="30" coveredelements="30"/>
        </class>
        <line num="12" type="method" name="__construct" crap="1" count="73"/>
        <line num="14" type="stmt" count="73"/>
        <line num="15" type="stmt" count="73"/>
        <line num="16" type="stmt" count="73"/>
        <line num="17" type="stmt" count="73"/>
        <line num="19" type="method" name="render" crap="1" count="48"/>
        <line num="21" type="stmt" count="48"/>
        <line num="22" type="stmt" count="48"/>
        <line num="23" type="stmt" count="48"/>
        <line num="24" type="stmt" count="48"/>
        <line num="25" type="stmt" count="48"/>
        <line num="26" type="stmt" count="48"/>
        <line num="28" type="stmt" count="48"/>
        <line num="30" type="stmt" count="48"/>
        <line num="33" type="method" name="helpBlock" crap="2" count="19"/>
        <line num="35" type="stmt" count="19"/>
        <line num="36" type="stmt" count="1"/>
        <line num="38" type="stmt" count="19"/>
        <line num="39" type="stmt" count="19"/>
        <line num="42" type="method" name="renderHelpBlock" crap="2" count="88"/>
        <line num="44" type="stmt" count="88"/>
        <line num="45" type="stmt" count="19"/>
        <line num="48" type="stmt" count="69"/>
        <line num="51" type="method" name="control" crap="1" count="65"/>
        <line num="53" type="stmt" count="65"/>
        <line num="56" type="method" name="label" crap="1" count="3"/>
        <line num="58" type="stmt" count="3"/>
        <line num="61" type="method" name="__call" crap="1" count="5"/>
        <line num="63" type="stmt" count="5"/>
        <line num="64" type="stmt" count="5"/>
        <line num="67" type="stmt" count="1"/>
        <metrics loc="66" ncloc="66" classes="1" methods="7" coveredmethods="7" conditionals="0" coveredconditionals="0" statements="23" coveredstatements="23" elements="30" coveredelements="30"/>
      </file>
      <file name="/Users/daguilarm/Sites/github/bootforms/src/AdamWathan/BootForms/Elements/GroupWrapper.php">
        <class name="GroupWrapper" namespace="AdamWathan\BootForms\Elements">
          <metrics methods="14" coveredmethods="14" conditionals="0" coveredconditionals="0" statements="27" coveredstatements="27" elements="41" coveredelements="41"/>
        </class>
        <line num="10" type="method" name="__construct" crap="1" count="88"/>
        <line num="12" type="stmt" count="88"/>
        <line num="13" type="stmt" count="88"/>
        <line num="14" type="stmt" count="88"/>
        <line num="16" type="method" name="render" crap="1" count="88"/>
        <line num="18" type="stmt" count="88"/>
        <line num="21" type="method" name="helpBlock" crap="1" count="1"/>
        <line num="23" type="stmt" count="1"/>
        <line num="24" type="stmt" count="1"/>
        <line num="27" type="method" name="__toString" crap="1" count="8"/>
        <line num="29" type="stmt" count="8"/>
        <line num="32" type="method" name="addGroupClass" crap="1" count="1"/>
        <line num="34" type="stmt" count="1"/>
        <line num="35" type="stmt" count="1"/>
        <line num="38" type="method" name="removeGroupClass" crap="1" count="1"/>
        <line num="40" type="stmt" count="1"/>
        <line num="41" type="stmt" count="1"/>
        <line num="44" type="method" name="groupData" crap="1" count="1"/>
        <line num="46" type="stmt" count="1"/>
        <line num="47" type="stmt" count="1"/>
        <line num="50" type="method" name="labelClass" crap="1" count="2"/>
        <line num="52" type="stmt" count="2"/>
        <line num="53" type="stmt" count="2"/>
        <line num="56" type="method" name="hideLabel" crap="1" count="1"/>
        <line num="58" type="stmt" count="1"/>
        <line num="59" type="stmt" count="1"/>
        <line num="62" type="method" name="inline" crap="1" count="9"/>
        <line num="64" type="stmt" count="9"/>
        <line num="65" type="stmt" count="9"/>
        <line num="68" type="method" name="group" crap="1" count="1"/>
        <line num="70" type="stmt" count="1"/>
        <line num="71" type="stmt" count="1"/>
        <line num="74" type="method" name="label" crap="1" count="1"/>
        <line num="76" type="stmt" count="1"/>
        <line num="77" type="stmt" count="1"/>
        <line num="80" type="method" name="control" crap="1" count="1"/>
        <line num="82" type="stmt" count="1"/>
        <line num="83" type="stmt" count="1"/>
        <line num="86" type="method" name="__call" crap="1" count="27"/>
        <line num="88" type="stmt" count="27"/>
        <line num="89" type="stmt" count="27"/>
        <line num="92" type="stmt" count="1"/>
        <metrics loc="91" ncloc="91" classes="1" methods="14" coveredmethods="14" conditionals="0" coveredconditionals="0" statements="27" coveredstatements="27" elements="41" coveredelements="41"/>
      </file>
      <file name="/Users/daguilarm/Sites/github/bootforms/src/AdamWathan/BootForms/Elements/HelpBlock.php">
        <class name="HelpBlock" namespace="AdamWathan\BootForms\Elements">
          <metrics methods="2" coveredmethods="2" conditionals="0" coveredconditionals="0" statements="9" coveredstatements="9" elements="11" coveredelements="11"/>
        </class>
        <line num="9" type="method" name="__construct" crap="1" count="20"/>
        <line num="11" type="stmt" count="20"/>
        <line num="12" type="stmt" count="20"/>
        <line num="13" type="stmt" count="20"/>
        <line num="15" type="method" name="render" crap="1" count="20"/>
        <line num="17" type="stmt" count="20"/>
        <line num="18" type="stmt" count="20"/>
        <line num="19" type="stmt" count="20"/>
        <line num="20" type="stmt" count="20"/>
        <line num="21" type="stmt" count="20"/>
        <line num="23" type="stmt" count="20"/>
        <line num="26" type="stmt" count="1"/>
        <metrics loc="25" ncloc="25" classes="1" methods="2" coveredmethods="2" conditionals="0" coveredconditionals="0" statements="9" coveredstatements="9" elements="11" coveredelements="11"/>
      </file>
      <file name="/Users/daguilarm/Sites/github/bootforms/src/AdamWathan/BootForms/Elements/HorizontalFormGroup.php">
        <class name="HorizontalFormGroup" namespace="AdamWathan\BootForms\Elements">
          <metrics methods="4" coveredmethods="3" conditionals="0" coveredconditionals="0" statements="17" coveredstatements="17" elements="21" coveredelements="20"/>
        </class>
        <line num="10" type="method" name="__construct" crap="1" count="25"/>
        <line num="12" type="stmt" count="25"/>
        <line num="13" type="stmt" count="25"/>
        <line num="14" type="stmt" count="25"/>
        <line num="16" type="method" name="render" crap="1" count="25"/>
        <line num="18" type="stmt" count="25"/>
        <line num="19" type="stmt" count="25"/>
        <line num="20" type="stmt" count="25"/>
        <line num="21" type="stmt" count="25"/>
        <line num="22" type="stmt" count="25"/>
        <line num="23" type="stmt" count="25"/>
        <line num="24" type="stmt" count="25"/>
        <line num="25" type="stmt" count="25"/>
        <line num="27" type="stmt" count="25"/>
        <line num="29" type="stmt" count="25"/>
        <line num="32" type="method" name="getControlClass" crap="2" count="25"/>
        <line num="34" type="stmt" count="25"/>
        <line num="35" type="stmt" count="25"/>
        <line num="36" type="stmt" count="25"/>
        <line num="38" type="stmt" count="25"/>
        <line num="41" type="method" name="__call" crap="1" count="0"/>
        <line num="47" type="stmt" count="1"/>
        <metrics loc="46" ncloc="46" classes="1" methods="3" coveredmethods="3" conditionals="0" coveredconditionals="0" statements="17" coveredstatements="17" elements="20" coveredelements="20"/>
      </file>
      <file name="/Users/daguilarm/Sites/github/bootforms/src/AdamWathan/BootForms/Elements/InputGroup.php">
        <class name="InputGroup" namespace="AdamWathan\BootForms\Elements">
          <metrics methods="9" coveredmethods="9" conditionals="0" coveredconditionals="0" statements="27" coveredstatements="27" elements="36" coveredelements="36"/>
        </class>
        <line num="12" type="method" name="beforeAddon" crap="1" count="3"/>
        <line num="14" type="stmt" count="3"/>
        <line num="16" type="stmt" count="3"/>
        <line num="19" type="method" name="afterAddon" crap="1" count="5"/>
        <line num="21" type="stmt" count="5"/>
        <line num="23" type="stmt" count="5"/>
        <line num="26" type="method" name="addAddonClass" crap="1" count="1"/>
        <line num="28" type="stmt" count="1"/>
        <line num="30" type="stmt" count="1"/>
        <line num="33" type="method" name="addAddonId" crap="1" count="1"/>
        <line num="35" type="stmt" count="1"/>
        <line num="37" type="stmt" count="1"/>
        <line num="40" type="method" name="type" crap="1" count="2"/>
        <line num="42" type="stmt" count="2"/>
        <line num="43" type="stmt" count="2"/>
        <line num="46" type="method" name="renderAddons" crap="2" count="15"/>
        <line num="48" type="stmt" count="15"/>
        <line num="50" type="stmt" count="15"/>
        <line num="51" type="stmt" count="7"/>
        <line num="54" type="stmt" count="15"/>
        <line num="57" type="method" name="renderAddonsId" crap="2" count="7"/>
        <line num="59" type="stmt" count="7"/>
        <line num="60" type="stmt" count="1"/>
        <line num="62" type="stmt" count="6"/>
        <line num="64" type="method" name="renderAddonsClass" crap="2" count="7"/>
        <line num="66" type="stmt" count="7"/>
        <line num="68" type="stmt" count="7"/>
        <line num="69" type="stmt" count="1"/>
        <line num="72" type="stmt" count="7"/>
        <line num="75" type="method" name="render" crap="1" count="15"/>
        <line num="77" type="stmt" count="15"/>
        <line num="78" type="stmt" count="15"/>
        <line num="79" type="stmt" count="15"/>
        <line num="80" type="stmt" count="15"/>
        <line num="81" type="stmt" count="15"/>
        <line num="83" type="stmt" count="15"/>
        <line num="86" type="stmt" count="1"/>
        <metrics loc="85" ncloc="85" classes="1" methods="9" coveredmethods="9" conditionals="0" coveredconditionals="0" statements="27" coveredstatements="27" elements="36" coveredelements="36"/>
      </file>
      <file name="/Users/daguilarm/Sites/github/bootforms/src/AdamWathan/BootForms/Elements/OffsetFormGroup.php">
        <class name="OffsetFormGroup" namespace="AdamWathan\BootForms\Elements">
          <metrics methods="6" coveredmethods="4" conditionals="0" coveredconditionals="0" statements="18" coveredstatements="15" elements="24" coveredelements="19"/>
        </class>
        <line num="8" type="method" name="__construct" crap="1" count="13"/>
        <line num="10" type="stmt" count="13"/>
        <line num="11" type="stmt" count="13"/>
        <line num="12" type="stmt" count="13"/>
        <line num="14" type="method" name="render" crap="1" count="13"/>
        <line num="16" type="stmt" count="13"/>
        <line num="17" type="stmt" count="13"/>
        <line num="18" type="stmt" count="13"/>
        <line num="19" type="stmt" count="13"/>
        <line num="21" type="stmt" count="13"/>
        <line num="23" type="stmt" count="13"/>
        <line num="26" type="method" name="setColumnSizes" crap="2" count="0"/>
        <line num="28" type="stmt" count="0"/>
        <line num="29" type="stmt" count="0"/>
        <line num="32" type="method" name="getControlClass" crap="2" count="13"/>
        <line num="34" type="stmt" count="13"/>
        <line num="35" type="stmt" count="13"/>
        <line num="36" type="stmt" count="13"/>
        <line num="38" type="stmt" count="13"/>
        <line num="41" type="method" name="__toString" crap="2" count="0"/>
        <line num="43" type="stmt" count="0"/>
        <line num="46" type="method" name="__call" crap="1" count="2"/>
        <line num="48" type="stmt" count="2"/>
        <line num="49" type="stmt" count="2"/>
        <line num="52" type="stmt" count="1"/>
        <metrics loc="51" ncloc="51" classes="1" methods="6" coveredmethods="4" conditionals="0" coveredconditionals="0" statements="18" coveredstatements="15" elements="24" coveredelements="19"/>
      </file>
    </package>
    <metrics files="10" loc="768" ncloc="768" classes="10" methods="84" coveredmethods="78" conditionals="0" coveredconditionals="0" statements="267" coveredstatements="244" elements="351" coveredelements="322"/>
  </project>
</coverage>
